<?xml version="1.0" encoding="UTF-8"?>
<!-- Generated by org.testng.reporters.JUnitXMLReporter -->
<testsuite ignored="0" hostname="LAPTOP-71I333JQ" failures="0" tests="4" name="Test" time="34.524" errors="0" timestamp="2026-09-23T16:36:47 IST">
  <testcase classname="com.sreekanth.revisionMavenTestNG.TutorialsPointLaunch" name="LaunchTutorialPoint" time="11.524"/>
  <testcase classname="com.sreekanth.revisionMavenTestNG.AutomationTestPracticeLaunch" name="LaunchBrowser" time="19.073"/>
  <testcase classname="com.sreekanth.revisionMavenTestNG.SampleTest" name="sampleTestMethod1" time="0.002"/>
  <testcase classname="com.sreekanth.revisionMavenTestNG.GoogleLaunch" name="testGoogle" time="3.877"/>
</testsuite> <!-- Test -->
