<?xml version="1.0" encoding="UTF-8"?>
<!-- Generated by org.testng.reporters.JUnitXMLReporter -->
<testsuite ignored="0" hostname="LAPTOP-71I333JQ" failures="0" tests="5" name="Test" time="21.939" errors="0" timestamp="2026-09-25T09:41:56 IST">
  <testcase classname="com.sreekanth.revisionMavenTestNG.TutorialsPointLaunch" name="LaunchTutorialPoint" time="11.204"/>
  <testcase classname="com.sreekanth.revisionMavenTestNG.AutomationTestPracticeLaunch" name="LaunchBrowser" time="8.371"/>
  <testcase classname="com.sreekanth.revisionMavenTestNG.SampleTest" name="sampleTestMethod1" time="0.001"/>
  <testcase classname="com.sreekanth.revisionMavenTestNG.GoogleLaunch" name="testGoogle" time="2.304"/>
  <testcase classname="com.sreekanth.revisionMavenTestNG.TestCaseToCheckIfJenkinsCouldPickupChangesOnLocalWS" name="localChangesMethod" time="0.001"/>
</testsuite> <!-- Test -->
