<?xml version="1.0" encoding="UTF-8"?>
<testsuite xmlns:xsi="http://www.w3.org/2001/XMLSchema-instance" xsi:noNamespaceSchemaLocation="https://maven.apache.org/surefire/maven-surefire-plugin/xsd/surefire-test-report.xsd" version="3.0.1" name="TestSuite" time="22.532" tests="5" errors="0" skipped="0" failures="0">
  <properties>
[...]
</properties>
  <testcase name="LaunchTutorialPoint" classname="com.sreekanth.revisionMavenTestNG.TutorialsPointLaunch" time="11.206">
    <system-out><![CDATA[I am from TutorialsPoint Testing Site
Page Title is: Selenium Practice - Student Registration Form
Current URL of the Page is: https://www.tutorialspoint.com/selenium/practice/selenium_automation_practice.php
]]></system-out>
    <system-err><![CDATA[SLF4J(W): No SLF4J providers were found.
SLF4J(W): Defaulting to no-operation (NOP) logger implementation
SLF4J(W): See https://www.slf4j.org/codes.html#noProviders for further details.
Sep 25, 2026 9:41:40 AM org.openqa.selenium.devtools.CdpVersionFinder findNearestMatch
WARNING: Unable to find an exact match for CDP version 153, returning the closest version; found: 151; Please update to a Selenium version that supports CDP version 153
]]></system-err>
  </testcase>
  <testcase name="LaunchBrowser" classname="com.sreekanth.revisionMavenTestNG.AutomationTestPracticeLaunch" time="8.358">
    <system-out><![CDATA[I am from Automation Practice Site
Page Title : Automation Testing Practice
]]></system-out>
    <system-err><![CDATA[Sep 25, 2026 9:41:46 AM org.openqa.selenium.devtools.CdpVersionFinder findNearestMatch
WARNING: Unable to find an exact match for CDP version 153, returning the closest version; found: 151; Please update to a Selenium version that supports CDP version 153
]]></system-err>
  </testcase>
  <testcase name="sampleTestMethod1" classname="com.sreekanth.revisionMavenTestNG.SampleTest" time="0.003">
    <system-out><![CDATA[I am from Sample Test Method1
]]></system-out>
  </testcase>
  <testcase name="testGoogle" classname="com.sreekanth.revisionMavenTestNG.GoogleLaunch" time="2.303">
    <system-out><![CDATA[From Test Google Method
I am From Google.com
Page Title is:Google
Thank You
]]></system-out>
    <system-err><![CDATA[Sep 25, 2026 9:41:54 AM org.openqa.selenium.devtools.CdpVersionFinder findNearestMatch
WARNING: Unable to find an exact match for CDP version 153, returning the closest version; found: 151; Please update to a Selenium version that supports CDP version 153
]]></system-err>
  </testcase>
  <testcase name="localChangesMethod" classname="com.sreekanth.revisionMavenTestNG.TestCaseToCheckIfJenkinsCouldPickupChangesOnLocalWS" time="0.003">
    <system-out><![CDATA[Adding this TC to see if Jenkins could pickup the changes on my Local Workspace
]]></system-out>
  </testcase>
</testsuite>