<?xml version="1.0" encoding="UTF-8"?>
<testng-results ignored="0" total="4" passed="4" failed="0" skipped="0">
  <reporter-output>
  </reporter-output>
  <suite started-at="2026-09-23T16:36:12 IST" name="Suite" finished-at="2026-09-23T16:36:47 IST" duration-ms="34524">
    <groups>
    </groups>
    <test started-at="2026-09-23T16:36:12 IST" name="Test" finished-at="2026-09-23T16:36:47 IST" duration-ms="34524">
      <class name="com.sreekanth.revisionMavenTestNG.SampleTest">
        <test-method signature="sampleTestMethod1()[pri:0, instance:com.sreekanth.revisionMavenTestNG.SampleTest@3754a4bf]" started-at="2026-09-23T16:36:43 IST" name="sampleTestMethod1" finished-at="2026-09-23T16:36:43 IST" duration-ms="2" status="PASS">
          <reporter-output>
          </reporter-output>
        </test-method> <!-- sampleTestMethod1 -->
      </class> <!-- com.sreekanth.revisionMavenTestNG.SampleTest -->
      <class name="com.sreekanth.revisionMavenTestNG.TutorialsPointLaunch">
        <test-method signature="LaunchTutorialPoint()[pri:0, instance:com.sreekanth.revisionMavenTestNG.TutorialsPointLaunch@5e0e82ae]" started-at="2026-09-23T16:36:12 IST" name="LaunchTutorialPoint" finished-at="2026-09-23T16:36:24 IST" duration-ms="11524" status="PASS">
          <reporter-output>
          </reporter-output>
        </test-method> <!-- LaunchTutorialPoint -->
      </class> <!-- com.sreekanth.revisionMavenTestNG.TutorialsPointLaunch -->
      <class name="com.sreekanth.revisionMavenTestNG.GoogleLaunch">
        <test-method signature="testGoogle()[pri:0, instance:com.sreekanth.revisionMavenTestNG.GoogleLaunch@62379589]" started-at="2026-09-23T16:36:43 IST" name="testGoogle" finished-at="2026-09-23T16:36:47 IST" duration-ms="3877" status="PASS">
          <reporter-output>
          </reporter-output>
        </test-method> <!-- testGoogle -->
      </class> <!-- com.sreekanth.revisionMavenTestNG.GoogleLaunch -->
      <class name="com.sreekanth.revisionMavenTestNG.AutomationTestPracticeLaunch">
        <test-method signature="LaunchBrowser()[pri:0, instance:com.sreekanth.revisionMavenTestNG.AutomationTestPracticeLaunch@13c9d689]" started-at="2026-09-23T16:36:24 IST" name="LaunchBrowser" finished-at="2026-09-23T16:36:43 IST" duration-ms="19073" status="PASS">
          <reporter-output>
          </reporter-output>
        </test-method> <!-- LaunchBrowser -->
      </class> <!-- com.sreekanth.revisionMavenTestNG.AutomationTestPracticeLaunch -->
    </test> <!-- Test -->
  </suite> <!-- Suite -->
</testng-results>
