<?xml version="1.0" encoding="UTF-8"?>
<!-- Generated by org.testng.reporters.JUnitReportReporter -->
<testsuite hostname="LAPTOP-71I333JQ" failures="0" tests="1" name="com.sreekanth.revisionMavenTestNG.AutomationTestPracticeLaunch" time="8.371" errors="0" timestamp="2026-09-25T09:41:56 IST" skipped="0">
  <testcase classname="com.sreekanth.revisionMavenTestNG.AutomationTestPracticeLaunch" name="LaunchBrowser" time="8.371"/>
</testsuite> <!-- com.sreekanth.revisionMavenTestNG.AutomationTestPracticeLaunch -->
