<?xml version="1.0" encoding="UTF-8"?>
<!-- Generated by org.testng.reporters.JUnitReportReporter -->
<testsuite hostname="LAPTOP-71I333JQ" failures="0" tests="1" name="com.sreekanth.revisionMavenTestNG.TestCaseToCheckIfJenkinsCouldPickupChangesOnLocalWS" time="0.001" errors="0" timestamp="2026-09-25T09:41:56 IST" skipped="0">
  <testcase classname="com.sreekanth.revisionMavenTestNG.TestCaseToCheckIfJenkinsCouldPickupChangesOnLocalWS" name="localChangesMethod" time="0.001"/>
</testsuite> <!-- com.sreekanth.revisionMavenTestNG.TestCaseToCheckIfJenkinsCouldPickupChangesOnLocalWS -->
